<?xml version="1.0" encoding="UTF-8"?>
<!-- Generated by org.testng.reporters.JUnitXMLReporter -->
<testsuite ignored="0" hostname="DESKTOP-B35LNQE" failures="0" tests="3" name="Test" time="48.215" errors="0" timestamp="2022-07-28T06:59:19 GMT-07:00">
  <testcase classname="Testing.SeleniumTesting.AssertValidation" name="basePageNavigation" time="2.371"/>
  <testcase classname="Testing.SeleniumTesting.HomePage" name="basePageNavigation" time="9.357"/>
  <testcase classname="Testing.SeleniumTesting.HomePage" name="basePageNavigation" time="4.193"/>
</testsuite> <!-- Test -->
