<?xml version="1.0" encoding="UTF-8"?>
<!-- Generated by org.testng.reporters.JUnitXMLReporter -->
<testsuite ignored="0" hostname="DESKTOP-B35LNQE" failures="0" tests="2" name="ValidatetitleTest" time="27.293" errors="0" timestamp="2022-08-01T05:49:58 GMT-07:00">
  <testcase classname="Testing.SeleniumTesting.validatingTitle" name="logoValidation" time="5.628"/>
  <testcase classname="Testing.SeleniumTesting.validatingTitle" name="titleValidation" time="0.326"/>
</testsuite> <!-- ValidatetitleTest -->
