<?xml version="1.0" encoding="UTF-8"?>
<!-- Generated by org.testng.reporters.JUnitXMLReporter -->
<testsuite ignored="0" hostname="DESKTOP-B35LNQE" failures="0" tests="2" name="ValidatetitleTest" time="82.664" errors="0" timestamp="2022-08-01T21:54:54 GMT-07:00">
  <testcase classname="Testing.SeleniumTesting.validatingTitle" name="logoValidation" time="0.526"/>
  <testcase classname="Testing.SeleniumTesting.validatingTitle" name="titleValidation" time="0.598"/>
</testsuite> <!-- ValidatetitleTest -->
